[debug] [2019-07-13T06:17:36.911Z] ----------------------------------------------------------------------
[debug] [2019-07-13T06:17:36.915Z] Command:       /usr/local/bin/node /usr/local/bin/firebase deploy --only functions
[debug] [2019-07-13T06:17:36.915Z] CLI Version:   7.1.0
[debug] [2019-07-13T06:17:36.915Z] Platform:      darwin
[debug] [2019-07-13T06:17:36.915Z] Node Version:  v10.16.0
[debug] [2019-07-13T06:17:36.916Z] Time:          Sat Jul 13 2019 11:47:36 GMT+0530 (India Standard Time)
[debug] [2019-07-13T06:17:36.916Z] ----------------------------------------------------------------------
[debug] 
[debug] [2019-07-13T06:17:36.929Z] > command requires scopes: ["email","openid","https://www.googleapis.com/auth/cloudplatformprojects.readonly","https://www.googleapis.com/auth/firebase","https://www.googleapis.com/auth/cloud-platform"]
[debug] [2019-07-13T06:17:36.930Z] > authorizing via signed-in user
[debug] [2019-07-13T06:17:36.930Z] [iam] checking project hr-insights-c28c5 for permissions ["cloudfunctions.functions.create","cloudfunctions.functions.delete","cloudfunctions.functions.get","cloudfunctions.functions.list","cloudfunctions.functions.update","cloudfunctions.operations.get","firebase.projects.get"]
[debug] [2019-07-13T06:17:36.932Z] >>> HTTP REQUEST POST https://cloudresourcemanager.googleapis.com/v1/projects/hr-insights-c28c5:testIamPermissions  

[debug] [2019-07-13T06:17:38.714Z] <<< HTTP RESPONSE 200
[info] 
[info] === Deploying to 'hr-insights-c28c5'...
[info] 
[info] i  deploying functions
[debug] [2019-07-13T06:17:41.026Z] > [functions] package.json contents: {
  "name": "functions",
  "description": "Cloud Functions for Firebase",
  "scripts": {
    "serve": "firebase serve --only functions",
    "shell": "firebase functions:shell",
    "start": "npm run shell",
    "deploy": "firebase deploy --only functions",
    "logs": "firebase functions:log"
  },
  "engines": {
    "node": "10"
  },
  "dependencies": {
    "cors": "^2.8.5",
    "firebase-admin": "^8.2.0",
    "firebase-functions": "^3.1.0",
    "lodash": "^4.17.11"
  },
  "private": true
}
[info] i  functions: ensuring necessary APIs are enabled...
[debug] [2019-07-13T06:17:41.028Z] >>> HTTP REQUEST GET https://serviceusage.googleapis.com/v1/projects/hr-insights-c28c5/services/cloudfunctions.googleapis.com  
 
[debug] [2019-07-13T06:17:41.029Z] >>> HTTP REQUEST GET https://serviceusage.googleapis.com/v1/projects/hr-insights-c28c5/services/runtimeconfig.googleapis.com  
 
[debug] [2019-07-13T06:17:43.319Z] <<< HTTP RESPONSE 200
[debug] [2019-07-13T06:17:43.420Z] <<< HTTP RESPONSE 200
[info] ✔  functions: all necessary APIs are enabled
[debug] [2019-07-13T06:17:43.421Z] >>> HTTP REQUEST GET https://firebase.googleapis.com/v1beta1/projects/hr-insights-c28c5/adminSdkConfig  
 
[debug] [2019-07-13T06:17:44.044Z] <<< HTTP RESPONSE 200
[info] i  functions: preparing functions directory for uploading...
[debug] [2019-07-13T06:17:44.047Z] >>> HTTP REQUEST GET https://runtimeconfig.googleapis.com/v1beta1/projects/hr-insights-c28c5/configs  
 
[debug] [2019-07-13T06:17:44.956Z] <<< HTTP RESPONSE 200
[info] i  functions: packaged functions (53.35 KB) for uploading
[debug] [2019-07-13T06:17:45.376Z] >>> HTTP REQUEST POST https://cloudfunctions.googleapis.com/v1/projects/hr-insights-c28c5/locations/us-central1/functions:generateUploadUrl  
 
[debug] [2019-07-13T06:17:46.799Z] <<< HTTP RESPONSE 200
[debug] [2019-07-13T06:17:46.800Z] >>> HTTP REQUEST PUT https://storage.googleapis.com/gcf-upload-us-central1-2bcce99b-4ef1-420e-9064-8133f45b3a8a/3ef719b1-0f24-47ae-9ad9-685a7af164bf.zip?GoogleAccessId=service-66487554276@gcf-admin-robot.iam.gserviceaccount.com&Expires=1563000467&Signature=JtqZomhNLfRz3IHoF9p26x%2FDYe%2FNQUYYHBR1nZFE%2FTzTEj9AUJ0QrJn%2FNyeMvS%2F23cQDQ1pn1iwp5ZTTIBqp1cXHwm0qaLrz8rm86KTIcBCfVSkSQTNoKHivJjThdMT829yUDLYajJzuloHPwvEHSEWCLTBpYIg3mFgReMyPnrjf3o%2FWAg9EHQNc3ngc4Oni2HezNiCgV%2FyGLyf1U9i78GxC5PNqx4ypf0nRH4MdWNUB9Yf4%2B1u6RuXOfHsDucBYk5y2keaZFFgn%2BgLT5AMRj5tCY7GilhzAdk5KSToQZmzQXhq7KteVEm3GsBu%2FE6L1RDvIviAg9XjBoDyvYlH5cA%3D%3D  
 <request body omitted>
[debug] [2019-07-13T06:17:49.154Z] <<< HTTP RESPONSE 200
[info] ✔  functions: functions folder uploaded successfully
[debug] [2019-07-13T06:17:49.157Z] >>> HTTP REQUEST GET https://cloudfunctions.googleapis.com/v1/projects/hr-insights-c28c5/locations/-/functions  
 
[debug] [2019-07-13T06:17:50.185Z] <<< HTTP RESPONSE 200
[info] i  functions: creating Node.js 10 (Beta) function addWorkspace(us-central1)...
[debug] [2019-07-13T06:17:50.187Z] Trigger is:  {"httpsTrigger":{}}
[info] i  functions: creating Node.js 10 (Beta) function getAllWorkspaces(us-central1)...
[debug] [2019-07-13T06:17:50.188Z] Trigger is:  {"httpsTrigger":{}}
[info] i  functions: creating Node.js 10 (Beta) function getWorkspace(us-central1)...
[debug] [2019-07-13T06:17:50.188Z] Trigger is:  {"httpsTrigger":{}}
[info] i  functions: updating Node.js 10 (Beta) function addApplicant(us-central1)...
[debug] [2019-07-13T06:17:50.189Z] Trigger is:  {"httpsTrigger":{}}
[info] i  functions: updating Node.js 10 (Beta) function getAllApplicants(us-central1)...
[debug] [2019-07-13T06:17:50.190Z] Trigger is:  {"httpsTrigger":{}}
[info] i  functions: updating Node.js 10 (Beta) function getApplicant(us-central1)...
[debug] [2019-07-13T06:17:50.190Z] Trigger is:  {"httpsTrigger":{}}
[info] i  functions: updating Node.js 10 (Beta) function updateApplicant(us-central1)...
[debug] [2019-07-13T06:17:50.191Z] Trigger is:  {"httpsTrigger":{}}
[info] 
The following functions are found in your project but do not exist in your local source code:
	getDummyReport(us-central1)

If you are renaming a function or changing its region, it is recommended that you create the new function first before deleting the old one to prevent event loss. For more info, visit https://firebase.google.com/docs/functions/manage-functions#modify

[info] i  functions: deleting function getDummyReport(us-central1)...
[debug] [2019-07-13T06:17:53.984Z] >>> HTTP REQUEST GET https://serviceusage.googleapis.com/v1/projects/hr-insights-c28c5/services/cloudscheduler.googleapis.com  
 
[debug] [2019-07-13T06:17:56.025Z] <<< HTTP RESPONSE 200
[debug] [2019-07-13T06:17:56.028Z] >>> HTTP REQUEST POST https://cloudfunctions.googleapis.com/v1/projects/hr-insights-c28c5/locations/us-central1/functions  

[debug] [2019-07-13T06:17:56.029Z] >>> HTTP REQUEST POST https://cloudfunctions.googleapis.com/v1/projects/hr-insights-c28c5/locations/us-central1/functions  

[debug] [2019-07-13T06:17:56.030Z] >>> HTTP REQUEST POST https://cloudfunctions.googleapis.com/v1/projects/hr-insights-c28c5/locations/us-central1/functions  

[debug] [2019-07-13T06:17:56.030Z] >>> HTTP REQUEST PATCH https://cloudfunctions.googleapis.com/v1/projects/hr-insights-c28c5/locations/us-central1/functions/addApplicant {"updateMask":"sourceUploadUrl,name,labels,runtime,httpsTrigger"} 

[debug] [2019-07-13T06:17:56.032Z] >>> HTTP REQUEST PATCH https://cloudfunctions.googleapis.com/v1/projects/hr-insights-c28c5/locations/us-central1/functions/getAllApplicants {"updateMask":"sourceUploadUrl,name,labels,runtime,httpsTrigger"} 

[debug] [2019-07-13T06:17:56.033Z] >>> HTTP REQUEST PATCH https://cloudfunctions.googleapis.com/v1/projects/hr-insights-c28c5/locations/us-central1/functions/getApplicant {"updateMask":"sourceUploadUrl,name,labels,runtime,httpsTrigger"} 

[debug] [2019-07-13T06:17:56.033Z] >>> HTTP REQUEST PATCH https://cloudfunctions.googleapis.com/v1/projects/hr-insights-c28c5/locations/us-central1/functions/updateApplicant {"updateMask":"sourceUploadUrl,name,labels,runtime,httpsTrigger"} 

[debug] [2019-07-13T06:17:56.034Z] >>> HTTP REQUEST DELETE https://cloudfunctions.googleapis.com/v1/projects/hr-insights-c28c5/locations/us-central1/functions/getDummyReport  
 
[debug] [2019-07-13T06:17:57.577Z] <<< HTTP RESPONSE 200
[debug] [2019-07-13T06:17:57.579Z] <<< HTTP RESPONSE 200
[debug] [2019-07-13T06:17:57.579Z] <<< HTTP RESPONSE 200
[debug] [2019-07-13T06:17:57.581Z] <<< HTTP RESPONSE 200
[debug] [2019-07-13T06:17:57.587Z] <<< HTTP RESPONSE 200
[debug] [2019-07-13T06:17:57.589Z] <<< HTTP RESPONSE 200
[debug] [2019-07-13T06:17:57.590Z] <<< HTTP RESPONSE 200
[debug] [2019-07-13T06:17:57.590Z] <<< HTTP RESPONSE 200
[debug] [2019-07-13T06:17:57.594Z] >>> HTTP REQUEST GET https://cloudfunctions.googleapis.com/v1/projects/hr-insights-c28c5/locations/-/functions  
 
[debug] [2019-07-13T06:17:58.590Z] <<< HTTP RESPONSE 200
[debug] [2019-07-13T06:17:58.592Z] >>> HTTP REQUEST GET https://cloudfunctions.googleapis.com/v1/operations/aHItaW5zaWdodHMtYzI4YzUvdXMtY2VudHJhbDEvYWRkV29ya3NwYWNlL2NUOUQ0Xy1lbkVR  
 
[debug] [2019-07-13T06:17:58.593Z] >>> HTTP REQUEST GET https://cloudfunctions.googleapis.com/v1/operations/aHItaW5zaWdodHMtYzI4YzUvdXMtY2VudHJhbDEvZ2V0QWxsV29ya3NwYWNlcy9RcTRQVEJfXzRZVQ  
 
[debug] [2019-07-13T06:17:58.593Z] >>> HTTP REQUEST GET https://cloudfunctions.googleapis.com/v1/operations/aHItaW5zaWdodHMtYzI4YzUvdXMtY2VudHJhbDEvZ2V0V29ya3NwYWNlLy01OXFHZEIwOGp3  
 
[debug] [2019-07-13T06:17:58.594Z] >>> HTTP REQUEST GET https://cloudfunctions.googleapis.com/v1/operations/aHItaW5zaWdodHMtYzI4YzUvdXMtY2VudHJhbDEvYWRkQXBwbGljYW50L3RrZGxqYVBSdXhN  
 
[debug] [2019-07-13T06:17:58.594Z] >>> HTTP REQUEST GET https://cloudfunctions.googleapis.com/v1/operations/aHItaW5zaWdodHMtYzI4YzUvdXMtY2VudHJhbDEvZ2V0QWxsQXBwbGljYW50cy9UcFRaQ2hkbzZ6WQ  
 
[debug] [2019-07-13T06:17:58.595Z] >>> HTTP REQUEST GET https://cloudfunctions.googleapis.com/v1/operations/aHItaW5zaWdodHMtYzI4YzUvdXMtY2VudHJhbDEvZ2V0QXBwbGljYW50L1VmWW13S1BYRWhB  
 
[debug] [2019-07-13T06:17:58.595Z] >>> HTTP REQUEST GET https://cloudfunctions.googleapis.com/v1/operations/aHItaW5zaWdodHMtYzI4YzUvdXMtY2VudHJhbDEvdXBkYXRlQXBwbGljYW50L0NlTkhjbUpfY3VF  
 
[debug] [2019-07-13T06:17:58.601Z] >>> HTTP REQUEST GET https://cloudfunctions.googleapis.com/v1/operations/aHItaW5zaWdodHMtYzI4YzUvdXMtY2VudHJhbDEvZ2V0RHVtbXlSZXBvcnQvSkFSR2RYbnY3ZU0  
 
[debug] [2019-07-13T06:17:59.555Z] <<< HTTP RESPONSE 200
[debug] [2019-07-13T06:17:59.556Z] <<< HTTP RESPONSE 200
[debug] [2019-07-13T06:17:59.585Z] <<< HTTP RESPONSE 200
[debug] [2019-07-13T06:17:59.679Z] <<< HTTP RESPONSE 200
[debug] [2019-07-13T06:17:59.680Z] <<< HTTP RESPONSE 200
[debug] [2019-07-13T06:17:59.683Z] <<< HTTP RESPONSE 200
[debug] [2019-07-13T06:17:59.686Z] <<< HTTP RESPONSE 200
[debug] [2019-07-13T06:17:59.687Z] <<< HTTP RESPONSE 200
[debug] [2019-07-13T06:18:01.557Z] >>> HTTP REQUEST GET https://cloudfunctions.googleapis.com/v1/operations/aHItaW5zaWdodHMtYzI4YzUvdXMtY2VudHJhbDEvYWRkV29ya3NwYWNlL2NUOUQ0Xy1lbkVR  
 
[debug] [2019-07-13T06:18:01.558Z] >>> HTTP REQUEST GET https://cloudfunctions.googleapis.com/v1/operations/aHItaW5zaWdodHMtYzI4YzUvdXMtY2VudHJhbDEvZ2V0QWxsQXBwbGljYW50cy9UcFRaQ2hkbzZ6WQ  
 
[debug] [2019-07-13T06:18:01.587Z] >>> HTTP REQUEST GET https://cloudfunctions.googleapis.com/v1/operations/aHItaW5zaWdodHMtYzI4YzUvdXMtY2VudHJhbDEvZ2V0RHVtbXlSZXBvcnQvSkFSR2RYbnY3ZU0  
 
[debug] [2019-07-13T06:18:01.681Z] >>> HTTP REQUEST GET https://cloudfunctions.googleapis.com/v1/operations/aHItaW5zaWdodHMtYzI4YzUvdXMtY2VudHJhbDEvZ2V0QWxsV29ya3NwYWNlcy9RcTRQVEJfXzRZVQ  
 
[debug] [2019-07-13T06:18:01.682Z] >>> HTTP REQUEST GET https://cloudfunctions.googleapis.com/v1/operations/aHItaW5zaWdodHMtYzI4YzUvdXMtY2VudHJhbDEvZ2V0V29ya3NwYWNlLy01OXFHZEIwOGp3  
 
[debug] [2019-07-13T06:18:01.684Z] >>> HTTP REQUEST GET https://cloudfunctions.googleapis.com/v1/operations/aHItaW5zaWdodHMtYzI4YzUvdXMtY2VudHJhbDEvYWRkQXBwbGljYW50L3RrZGxqYVBSdXhN  
 
[debug] [2019-07-13T06:18:01.688Z] >>> HTTP REQUEST GET https://cloudfunctions.googleapis.com/v1/operations/aHItaW5zaWdodHMtYzI4YzUvdXMtY2VudHJhbDEvZ2V0QXBwbGljYW50L1VmWW13S1BYRWhB  
 
[debug] [2019-07-13T06:18:01.688Z] >>> HTTP REQUEST GET https://cloudfunctions.googleapis.com/v1/operations/aHItaW5zaWdodHMtYzI4YzUvdXMtY2VudHJhbDEvdXBkYXRlQXBwbGljYW50L0NlTkhjbUpfY3VF  
 
[debug] [2019-07-13T06:18:02.364Z] <<< HTTP RESPONSE 200
[debug] [2019-07-13T06:18:02.714Z] <<< HTTP RESPONSE 200
[debug] [2019-07-13T06:18:02.715Z] <<< HTTP RESPONSE 200
[debug] [2019-07-13T06:18:02.716Z] <<< HTTP RESPONSE 200
[debug] [2019-07-13T06:18:02.716Z] <<< HTTP RESPONSE 200
[debug] [2019-07-13T06:18:02.717Z] <<< HTTP RESPONSE 200
[debug] [2019-07-13T06:18:02.717Z] <<< HTTP RESPONSE 200
[debug] [2019-07-13T06:18:02.832Z] <<< HTTP RESPONSE 200
[debug] [2019-07-13T06:18:04.368Z] >>> HTTP REQUEST GET https://cloudfunctions.googleapis.com/v1/operations/aHItaW5zaWdodHMtYzI4YzUvdXMtY2VudHJhbDEvZ2V0QWxsV29ya3NwYWNlcy9RcTRQVEJfXzRZVQ  
 
[debug] [2019-07-13T06:18:04.719Z] >>> HTTP REQUEST GET https://cloudfunctions.googleapis.com/v1/operations/aHItaW5zaWdodHMtYzI4YzUvdXMtY2VudHJhbDEvZ2V0QWxsQXBwbGljYW50cy9UcFRaQ2hkbzZ6WQ  
 
[debug] [2019-07-13T06:18:04.719Z] >>> HTTP REQUEST GET https://cloudfunctions.googleapis.com/v1/operations/aHItaW5zaWdodHMtYzI4YzUvdXMtY2VudHJhbDEvZ2V0RHVtbXlSZXBvcnQvSkFSR2RYbnY3ZU0  
 
[debug] [2019-07-13T06:18:04.720Z] >>> HTTP REQUEST GET https://cloudfunctions.googleapis.com/v1/operations/aHItaW5zaWdodHMtYzI4YzUvdXMtY2VudHJhbDEvZ2V0QXBwbGljYW50L1VmWW13S1BYRWhB  
 
[debug] [2019-07-13T06:18:04.720Z] >>> HTTP REQUEST GET https://cloudfunctions.googleapis.com/v1/operations/aHItaW5zaWdodHMtYzI4YzUvdXMtY2VudHJhbDEvZ2V0V29ya3NwYWNlLy01OXFHZEIwOGp3  
 
[debug] [2019-07-13T06:18:04.720Z] >>> HTTP REQUEST GET https://cloudfunctions.googleapis.com/v1/operations/aHItaW5zaWdodHMtYzI4YzUvdXMtY2VudHJhbDEvYWRkQXBwbGljYW50L3RrZGxqYVBSdXhN  
 
[debug] [2019-07-13T06:18:04.720Z] >>> HTTP REQUEST GET https://cloudfunctions.googleapis.com/v1/operations/aHItaW5zaWdodHMtYzI4YzUvdXMtY2VudHJhbDEvdXBkYXRlQXBwbGljYW50L0NlTkhjbUpfY3VF  
 
[debug] [2019-07-13T06:18:04.833Z] >>> HTTP REQUEST GET https://cloudfunctions.googleapis.com/v1/operations/aHItaW5zaWdodHMtYzI4YzUvdXMtY2VudHJhbDEvYWRkV29ya3NwYWNlL2NUOUQ0Xy1lbkVR  
 
[debug] [2019-07-13T06:18:04.900Z] <<< HTTP RESPONSE 200
[debug] [2019-07-13T06:18:05.642Z] <<< HTTP RESPONSE 200
[debug] [2019-07-13T06:18:05.643Z] <<< HTTP RESPONSE 200
[debug] [2019-07-13T06:18:05.643Z] <<< HTTP RESPONSE 200
[debug] [2019-07-13T06:18:05.644Z] <<< HTTP RESPONSE 200
[debug] [2019-07-13T06:18:05.645Z] <<< HTTP RESPONSE 200
[debug] [2019-07-13T06:18:05.653Z] <<< HTTP RESPONSE 200
[debug] [2019-07-13T06:18:05.726Z] <<< HTTP RESPONSE 200
[debug] [2019-07-13T06:18:06.902Z] >>> HTTP REQUEST GET https://cloudfunctions.googleapis.com/v1/operations/aHItaW5zaWdodHMtYzI4YzUvdXMtY2VudHJhbDEvZ2V0QWxsV29ya3NwYWNlcy9RcTRQVEJfXzRZVQ  
 
[debug] [2019-07-13T06:18:07.644Z] >>> HTTP REQUEST GET https://cloudfunctions.googleapis.com/v1/operations/aHItaW5zaWdodHMtYzI4YzUvdXMtY2VudHJhbDEvZ2V0QWxsQXBwbGljYW50cy9UcFRaQ2hkbzZ6WQ  
 
[debug] [2019-07-13T06:18:07.645Z] >>> HTTP REQUEST GET https://cloudfunctions.googleapis.com/v1/operations/aHItaW5zaWdodHMtYzI4YzUvdXMtY2VudHJhbDEvZ2V0RHVtbXlSZXBvcnQvSkFSR2RYbnY3ZU0  
 
[debug] [2019-07-13T06:18:07.645Z] >>> HTTP REQUEST GET https://cloudfunctions.googleapis.com/v1/operations/aHItaW5zaWdodHMtYzI4YzUvdXMtY2VudHJhbDEvZ2V0QXBwbGljYW50L1VmWW13S1BYRWhB  
 
[debug] [2019-07-13T06:18:07.648Z] >>> HTTP REQUEST GET https://cloudfunctions.googleapis.com/v1/operations/aHItaW5zaWdodHMtYzI4YzUvdXMtY2VudHJhbDEvZ2V0V29ya3NwYWNlLy01OXFHZEIwOGp3  
 
[debug] [2019-07-13T06:18:07.649Z] >>> HTTP REQUEST GET https://cloudfunctions.googleapis.com/v1/operations/aHItaW5zaWdodHMtYzI4YzUvdXMtY2VudHJhbDEvYWRkQXBwbGljYW50L3RrZGxqYVBSdXhN  
 
[debug] [2019-07-13T06:18:07.654Z] >>> HTTP REQUEST GET https://cloudfunctions.googleapis.com/v1/operations/aHItaW5zaWdodHMtYzI4YzUvdXMtY2VudHJhbDEvdXBkYXRlQXBwbGljYW50L0NlTkhjbUpfY3VF  
 
[debug] [2019-07-13T06:18:07.729Z] >>> HTTP REQUEST GET https://cloudfunctions.googleapis.com/v1/operations/aHItaW5zaWdodHMtYzI4YzUvdXMtY2VudHJhbDEvYWRkV29ya3NwYWNlL2NUOUQ0Xy1lbkVR  
 
[debug] [2019-07-13T06:18:07.768Z] <<< HTTP RESPONSE 200
[debug] [2019-07-13T06:18:08.407Z] <<< HTTP RESPONSE 200
[info] ✔  functions[getDummyReport(us-central1)]: Successful delete operation. 
[debug] [2019-07-13T06:18:08.414Z] <<< HTTP RESPONSE 200
[debug] [2019-07-13T06:18:08.562Z] <<< HTTP RESPONSE 200
[debug] [2019-07-13T06:18:08.598Z] <<< HTTP RESPONSE 200
[debug] [2019-07-13T06:18:08.619Z] <<< HTTP RESPONSE 200
[debug] [2019-07-13T06:18:08.620Z] <<< HTTP RESPONSE 200
[debug] [2019-07-13T06:18:08.633Z] <<< HTTP RESPONSE 200
[debug] [2019-07-13T06:18:09.771Z] >>> HTTP REQUEST GET https://cloudfunctions.googleapis.com/v1/operations/aHItaW5zaWdodHMtYzI4YzUvdXMtY2VudHJhbDEvZ2V0QWxsV29ya3NwYWNlcy9RcTRQVEJfXzRZVQ  
 
[debug] [2019-07-13T06:18:10.418Z] >>> HTTP REQUEST GET https://cloudfunctions.googleapis.com/v1/operations/aHItaW5zaWdodHMtYzI4YzUvdXMtY2VudHJhbDEvYWRkQXBwbGljYW50L3RrZGxqYVBSdXhN  
 
[debug] [2019-07-13T06:18:10.564Z] >>> HTTP REQUEST GET https://cloudfunctions.googleapis.com/v1/operations/aHItaW5zaWdodHMtYzI4YzUvdXMtY2VudHJhbDEvZ2V0QWxsQXBwbGljYW50cy9UcFRaQ2hkbzZ6WQ  
 
[debug] [2019-07-13T06:18:10.599Z] >>> HTTP REQUEST GET https://cloudfunctions.googleapis.com/v1/operations/aHItaW5zaWdodHMtYzI4YzUvdXMtY2VudHJhbDEvZ2V0QXBwbGljYW50L1VmWW13S1BYRWhB  
 
[debug] [2019-07-13T06:18:10.610Z] <<< HTTP RESPONSE 200
[debug] [2019-07-13T06:18:10.620Z] >>> HTTP REQUEST GET https://cloudfunctions.googleapis.com/v1/operations/aHItaW5zaWdodHMtYzI4YzUvdXMtY2VudHJhbDEvZ2V0V29ya3NwYWNlLy01OXFHZEIwOGp3  
 
[debug] [2019-07-13T06:18:10.621Z] >>> HTTP REQUEST GET https://cloudfunctions.googleapis.com/v1/operations/aHItaW5zaWdodHMtYzI4YzUvdXMtY2VudHJhbDEvdXBkYXRlQXBwbGljYW50L0NlTkhjbUpfY3VF  
 
[debug] [2019-07-13T06:18:10.634Z] >>> HTTP REQUEST GET https://cloudfunctions.googleapis.com/v1/operations/aHItaW5zaWdodHMtYzI4YzUvdXMtY2VudHJhbDEvYWRkV29ya3NwYWNlL2NUOUQ0Xy1lbkVR  
 
[debug] [2019-07-13T06:18:11.236Z] <<< HTTP RESPONSE 200
[debug] [2019-07-13T06:18:11.401Z] <<< HTTP RESPONSE 200
[debug] [2019-07-13T06:18:11.441Z] <<< HTTP RESPONSE 200
[debug] [2019-07-13T06:18:11.443Z] <<< HTTP RESPONSE 200
[debug] [2019-07-13T06:18:11.479Z] <<< HTTP RESPONSE 200
[debug] [2019-07-13T06:18:11.484Z] <<< HTTP RESPONSE 200
[debug] [2019-07-13T06:18:12.613Z] >>> HTTP REQUEST GET https://cloudfunctions.googleapis.com/v1/operations/aHItaW5zaWdodHMtYzI4YzUvdXMtY2VudHJhbDEvZ2V0QWxsV29ya3NwYWNlcy9RcTRQVEJfXzRZVQ  
 
[debug] [2019-07-13T06:18:13.242Z] >>> HTTP REQUEST GET https://cloudfunctions.googleapis.com/v1/operations/aHItaW5zaWdodHMtYzI4YzUvdXMtY2VudHJhbDEvYWRkQXBwbGljYW50L3RrZGxqYVBSdXhN  
 
[debug] [2019-07-13T06:18:13.405Z] >>> HTTP REQUEST GET https://cloudfunctions.googleapis.com/v1/operations/aHItaW5zaWdodHMtYzI4YzUvdXMtY2VudHJhbDEvZ2V0QWxsQXBwbGljYW50cy9UcFRaQ2hkbzZ6WQ  
 
[debug] [2019-07-13T06:18:13.443Z] >>> HTTP REQUEST GET https://cloudfunctions.googleapis.com/v1/operations/aHItaW5zaWdodHMtYzI4YzUvdXMtY2VudHJhbDEvZ2V0QXBwbGljYW50L1VmWW13S1BYRWhB  
 
[debug] [2019-07-13T06:18:13.444Z] >>> HTTP REQUEST GET https://cloudfunctions.googleapis.com/v1/operations/aHItaW5zaWdodHMtYzI4YzUvdXMtY2VudHJhbDEvdXBkYXRlQXBwbGljYW50L0NlTkhjbUpfY3VF  
 
[debug] [2019-07-13T06:18:13.451Z] <<< HTTP RESPONSE 200
[debug] [2019-07-13T06:18:13.482Z] >>> HTTP REQUEST GET https://cloudfunctions.googleapis.com/v1/operations/aHItaW5zaWdodHMtYzI4YzUvdXMtY2VudHJhbDEvZ2V0V29ya3NwYWNlLy01OXFHZEIwOGp3  
 
[debug] [2019-07-13T06:18:13.485Z] >>> HTTP REQUEST GET https://cloudfunctions.googleapis.com/v1/operations/aHItaW5zaWdodHMtYzI4YzUvdXMtY2VudHJhbDEvYWRkV29ya3NwYWNlL2NUOUQ0Xy1lbkVR  
 
[debug] [2019-07-13T06:18:14.140Z] <<< HTTP RESPONSE 200
[debug] [2019-07-13T06:18:14.141Z] <<< HTTP RESPONSE 200
[debug] [2019-07-13T06:18:14.256Z] <<< HTTP RESPONSE 200
[debug] [2019-07-13T06:18:14.281Z] <<< HTTP RESPONSE 200
[debug] [2019-07-13T06:18:14.306Z] <<< HTTP RESPONSE 200
[debug] [2019-07-13T06:18:14.374Z] <<< HTTP RESPONSE 200
[debug] [2019-07-13T06:18:15.452Z] >>> HTTP REQUEST GET https://cloudfunctions.googleapis.com/v1/operations/aHItaW5zaWdodHMtYzI4YzUvdXMtY2VudHJhbDEvZ2V0QWxsV29ya3NwYWNlcy9RcTRQVEJfXzRZVQ  
 
[debug] [2019-07-13T06:18:16.144Z] >>> HTTP REQUEST GET https://cloudfunctions.googleapis.com/v1/operations/aHItaW5zaWdodHMtYzI4YzUvdXMtY2VudHJhbDEvYWRkV29ya3NwYWNlL2NUOUQ0Xy1lbkVR  
 
[debug] [2019-07-13T06:18:16.144Z] >>> HTTP REQUEST GET https://cloudfunctions.googleapis.com/v1/operations/aHItaW5zaWdodHMtYzI4YzUvdXMtY2VudHJhbDEvYWRkQXBwbGljYW50L3RrZGxqYVBSdXhN  
 
[debug] [2019-07-13T06:18:16.260Z] >>> HTTP REQUEST GET https://cloudfunctions.googleapis.com/v1/operations/aHItaW5zaWdodHMtYzI4YzUvdXMtY2VudHJhbDEvZ2V0QWxsQXBwbGljYW50cy9UcFRaQ2hkbzZ6WQ  
 
[debug] [2019-07-13T06:18:16.277Z] <<< HTTP RESPONSE 200
[debug] [2019-07-13T06:18:16.282Z] >>> HTTP REQUEST GET https://cloudfunctions.googleapis.com/v1/operations/aHItaW5zaWdodHMtYzI4YzUvdXMtY2VudHJhbDEvdXBkYXRlQXBwbGljYW50L0NlTkhjbUpfY3VF  
 
[debug] [2019-07-13T06:18:16.307Z] >>> HTTP REQUEST GET https://cloudfunctions.googleapis.com/v1/operations/aHItaW5zaWdodHMtYzI4YzUvdXMtY2VudHJhbDEvZ2V0QXBwbGljYW50L1VmWW13S1BYRWhB  
 
[debug] [2019-07-13T06:18:16.378Z] >>> HTTP REQUEST GET https://cloudfunctions.googleapis.com/v1/operations/aHItaW5zaWdodHMtYzI4YzUvdXMtY2VudHJhbDEvZ2V0V29ya3NwYWNlLy01OXFHZEIwOGp3  
 
[debug] [2019-07-13T06:18:16.707Z] <<< HTTP RESPONSE 200
[debug] [2019-07-13T06:18:16.809Z] <<< HTTP RESPONSE 200
[debug] [2019-07-13T06:18:16.975Z] <<< HTTP RESPONSE 200
[debug] [2019-07-13T06:18:17.126Z] <<< HTTP RESPONSE 200
[debug] [2019-07-13T06:18:17.133Z] <<< HTTP RESPONSE 200
[debug] [2019-07-13T06:18:17.211Z] <<< HTTP RESPONSE 200
[debug] [2019-07-13T06:18:18.280Z] >>> HTTP REQUEST GET https://cloudfunctions.googleapis.com/v1/operations/aHItaW5zaWdodHMtYzI4YzUvdXMtY2VudHJhbDEvZ2V0QWxsV29ya3NwYWNlcy9RcTRQVEJfXzRZVQ  
 
[debug] [2019-07-13T06:18:18.709Z] >>> HTTP REQUEST GET https://cloudfunctions.googleapis.com/v1/operations/aHItaW5zaWdodHMtYzI4YzUvdXMtY2VudHJhbDEvYWRkQXBwbGljYW50L3RrZGxqYVBSdXhN  
 
[debug] [2019-07-13T06:18:18.813Z] >>> HTTP REQUEST GET https://cloudfunctions.googleapis.com/v1/operations/aHItaW5zaWdodHMtYzI4YzUvdXMtY2VudHJhbDEvZ2V0QWxsQXBwbGljYW50cy9UcFRaQ2hkbzZ6WQ  
 
[debug] [2019-07-13T06:18:18.902Z] <<< HTTP RESPONSE 200
[debug] [2019-07-13T06:18:18.975Z] >>> HTTP REQUEST GET https://cloudfunctions.googleapis.com/v1/operations/aHItaW5zaWdodHMtYzI4YzUvdXMtY2VudHJhbDEvYWRkV29ya3NwYWNlL2NUOUQ0Xy1lbkVR  
 
[debug] [2019-07-13T06:18:19.130Z] >>> HTTP REQUEST GET https://cloudfunctions.googleapis.com/v1/operations/aHItaW5zaWdodHMtYzI4YzUvdXMtY2VudHJhbDEvZ2V0QXBwbGljYW50L1VmWW13S1BYRWhB  
 
[debug] [2019-07-13T06:18:19.135Z] >>> HTTP REQUEST GET https://cloudfunctions.googleapis.com/v1/operations/aHItaW5zaWdodHMtYzI4YzUvdXMtY2VudHJhbDEvdXBkYXRlQXBwbGljYW50L0NlTkhjbUpfY3VF  
 
[debug] [2019-07-13T06:18:19.212Z] >>> HTTP REQUEST GET https://cloudfunctions.googleapis.com/v1/operations/aHItaW5zaWdodHMtYzI4YzUvdXMtY2VudHJhbDEvZ2V0V29ya3NwYWNlLy01OXFHZEIwOGp3  
 
[debug] [2019-07-13T06:18:19.354Z] <<< HTTP RESPONSE 200
[debug] [2019-07-13T06:18:19.516Z] <<< HTTP RESPONSE 200
[debug] [2019-07-13T06:18:19.521Z] <<< HTTP RESPONSE 200
[debug] [2019-07-13T06:18:19.689Z] <<< HTTP RESPONSE 200
[debug] [2019-07-13T06:18:20.080Z] <<< HTTP RESPONSE 200
[debug] [2019-07-13T06:18:20.081Z] <<< HTTP RESPONSE 200
[debug] [2019-07-13T06:18:20.906Z] >>> HTTP REQUEST GET https://cloudfunctions.googleapis.com/v1/operations/aHItaW5zaWdodHMtYzI4YzUvdXMtY2VudHJhbDEvZ2V0QWxsV29ya3NwYWNlcy9RcTRQVEJfXzRZVQ  
 
[debug] [2019-07-13T06:18:21.356Z] >>> HTTP REQUEST GET https://cloudfunctions.googleapis.com/v1/operations/aHItaW5zaWdodHMtYzI4YzUvdXMtY2VudHJhbDEvZ2V0QWxsQXBwbGljYW50cy9UcFRaQ2hkbzZ6WQ  
 
[debug] [2019-07-13T06:18:21.519Z] >>> HTTP REQUEST GET https://cloudfunctions.googleapis.com/v1/operations/aHItaW5zaWdodHMtYzI4YzUvdXMtY2VudHJhbDEvYWRkV29ya3NwYWNlL2NUOUQ0Xy1lbkVR  
 
[debug] [2019-07-13T06:18:21.522Z] >>> HTTP REQUEST GET https://cloudfunctions.googleapis.com/v1/operations/aHItaW5zaWdodHMtYzI4YzUvdXMtY2VudHJhbDEvYWRkQXBwbGljYW50L3RrZGxqYVBSdXhN  
 
[debug] [2019-07-13T06:18:21.694Z] >>> HTTP REQUEST GET https://cloudfunctions.googleapis.com/v1/operations/aHItaW5zaWdodHMtYzI4YzUvdXMtY2VudHJhbDEvZ2V0QXBwbGljYW50L1VmWW13S1BYRWhB  
 
[debug] [2019-07-13T06:18:21.740Z] <<< HTTP RESPONSE 200
[debug] [2019-07-13T06:18:22.083Z] >>> HTTP REQUEST GET https://cloudfunctions.googleapis.com/v1/operations/aHItaW5zaWdodHMtYzI4YzUvdXMtY2VudHJhbDEvdXBkYXRlQXBwbGljYW50L0NlTkhjbUpfY3VF  
 
[debug] [2019-07-13T06:18:22.084Z] >>> HTTP REQUEST GET https://cloudfunctions.googleapis.com/v1/operations/aHItaW5zaWdodHMtYzI4YzUvdXMtY2VudHJhbDEvZ2V0V29ya3NwYWNlLy01OXFHZEIwOGp3  
 
[debug] [2019-07-13T06:18:22.160Z] <<< HTTP RESPONSE 200
