[debug] [2019-07-12T08:04:51.383Z] ----------------------------------------------------------------------
[debug] [2019-07-12T08:04:51.386Z] Command:       /usr/local/bin/node /usr/local/bin/firebase serve --only functions
[debug] [2019-07-12T08:04:51.386Z] CLI Version:   7.1.0
[debug] [2019-07-12T08:04:51.386Z] Platform:      darwin
[debug] [2019-07-12T08:04:51.386Z] Node Version:  v10.16.0
[debug] [2019-07-12T08:04:51.387Z] Time:          Fri Jul 12 2019 13:34:51 GMT+0530 (India Standard Time)
[debug] [2019-07-12T08:04:51.387Z] ----------------------------------------------------------------------
[debug] 
[debug] [2019-07-12T08:04:51.396Z] > command requires scopes: ["email","openid","https://www.googleapis.com/auth/cloudplatformprojects.readonly","https://www.googleapis.com/auth/firebase","https://www.googleapis.com/auth/cloud-platform"]
[debug] [2019-07-12T08:04:51.396Z] > authorizing via signed-in user
[debug] [2019-07-12T08:04:51.396Z] [iam] checking project hr-insights-c28c5 for permissions ["firebase.projects.get"]
[debug] [2019-07-12T08:04:51.397Z] > refreshing access token with scopes: ["email","https://www.googleapis.com/auth/cloud-platform","https://www.googleapis.com/auth/cloudplatformprojects.readonly","https://www.googleapis.com/auth/firebase","openid"]
[debug] [2019-07-12T08:04:51.397Z] >>> HTTP REQUEST POST https://www.googleapis.com/oauth2/v3/token  
 <request body omitted>
[debug] [2019-07-12T08:04:51.903Z] <<< HTTP RESPONSE 200
[debug] [2019-07-12T08:04:51.924Z] >>> HTTP REQUEST POST https://cloudresourcemanager.googleapis.com/v1/projects/hr-insights-c28c5:testIamPermissions  

[debug] [2019-07-12T08:04:54.022Z] <<< HTTP RESPONSE 200
[debug] [2019-07-12T08:04:54.024Z] >>> HTTP REQUEST GET https://firebase.googleapis.com/v1beta1/projects/hr-insights-c28c5  
 
[debug] [2019-07-12T08:04:54.854Z] <<< HTTP RESPONSE 200
[warn] ⚠  Your functions directory does not specify a Node version.
   - Learn more at https://firebase.google.com/docs/functions/manage-functions#set_runtime_options
[debug] [2019-07-12T08:04:54.866Z] >>> HTTP REQUEST GET https://firebase.googleapis.com/v1beta1/projects/hr-insights-c28c5/adminSdkConfig  
 
[debug] [2019-07-12T08:04:55.455Z] <<< HTTP RESPONSE 200
[info] ✔  functions: Emulator started at http://localhost:5000
[info] i  functions: Watching "/Users/rishi/Desktop/insights/functions" for Cloud Functions...
[debug] [2019-07-12T08:04:56.008Z] [runtime-status] Functions runtime initialized. {"cwd":"/Users/rishi/Desktop/insights/functions","node_version":"10.16.0"}
[debug] [2019-07-12T08:04:56.008Z] [runtime-status] Disabled runtime features: {"functions_config_helper":true,"network_filtering":true,"timeout":true,"memory_limiting":true,"protect_env":true,"admin_stubs":true} {}
[warn] ⚠  The Cloud Functions emulator requires the module "firebase-admin" to be installed. This package is in your package.json, but it's not available. You probably need to run "npm install" in your functions directory.
[info] i  functions: Your functions could not be parsed due to an issue with your node_modules (see above)
[debug] [2019-07-12T08:10:15.960Z] ----------------------------------------------------------------------
[debug] [2019-07-12T08:10:15.961Z] Command:       /usr/local/bin/node /usr/local/bin/firebase serve --only functions
[debug] [2019-07-12T08:10:15.962Z] CLI Version:   7.1.0
[debug] [2019-07-12T08:10:15.962Z] Platform:      darwin
[debug] [2019-07-12T08:10:15.962Z] Node Version:  v10.16.0
[debug] [2019-07-12T08:10:15.962Z] Time:          Fri Jul 12 2019 13:40:15 GMT+0530 (India Standard Time)
[debug] [2019-07-12T08:10:15.963Z] ----------------------------------------------------------------------
[debug] 
[debug] [2019-07-12T08:10:15.972Z] > command requires scopes: ["email","openid","https://www.googleapis.com/auth/cloudplatformprojects.readonly","https://www.googleapis.com/auth/firebase","https://www.googleapis.com/auth/cloud-platform"]
[debug] [2019-07-12T08:10:15.972Z] > authorizing via signed-in user
[debug] [2019-07-12T08:10:15.972Z] [iam] checking project hr-insights-c28c5 for permissions ["firebase.projects.get"]
[debug] [2019-07-12T08:10:15.974Z] >>> HTTP REQUEST POST https://cloudresourcemanager.googleapis.com/v1/projects/hr-insights-c28c5:testIamPermissions  

[debug] [2019-07-12T08:10:17.818Z] <<< HTTP RESPONSE 200
[debug] [2019-07-12T08:10:17.820Z] >>> HTTP REQUEST GET https://firebase.googleapis.com/v1beta1/projects/hr-insights-c28c5  
 
[debug] [2019-07-12T08:10:18.530Z] <<< HTTP RESPONSE 200
[warn] ⚠  Your functions directory does not specify a Node version.
   - Learn more at https://firebase.google.com/docs/functions/manage-functions#set_runtime_options
[debug] [2019-07-12T08:10:18.539Z] >>> HTTP REQUEST GET https://firebase.googleapis.com/v1beta1/projects/hr-insights-c28c5/adminSdkConfig  
 
[debug] [2019-07-12T08:10:19.145Z] <<< HTTP RESPONSE 200
[info] ✔  functions: Emulator started at http://localhost:5000
[info] i  functions: Watching "/Users/rishi/Desktop/insights/functions" for Cloud Functions...
[debug] [2019-07-12T08:10:19.754Z] [runtime-status] Functions runtime initialized. {"cwd":"/Users/rishi/Desktop/insights/functions","node_version":"10.16.0"}
[debug] [2019-07-12T08:10:19.755Z] [runtime-status] Disabled runtime features: {"functions_config_helper":true,"network_filtering":true,"timeout":true,"memory_limiting":true,"protect_env":true,"admin_stubs":true} {}
[warn] ⚠  The Cloud Functions emulator requires the module "firebase-admin" to be installed. This package is in your package.json, but it's not available. You probably need to run "npm install" in your functions directory.
[info] i  functions: Your functions could not be parsed due to an issue with your node_modules (see above)
